<?xml version="1.0" encoding="UTF-8"?>
<testng-results ignored="0" total="1" passed="1" failed="0" skipped="0">
  <reporter-output>
  </reporter-output>
  <suite started-at="2018-10-11T08:25:11Z" name="MainTest" finished-at="2018-10-11T08:25:11Z" duration-ms="16">
    <groups>
    </groups>
    <test started-at="2018-10-11T08:25:11Z" name="Command line test" finished-at="2018-10-11T08:25:11Z" duration-ms="16">
      <class name="MainTest">
        <test-method signature="tryCatchWrongIntCurrencyFrom()[pri:0, instance:MainTest@60dcc9fe]" started-at="2018-10-11T08:25:11Z" name="tryCatchWrongIntCurrencyFrom" finished-at="2018-10-11T08:25:11Z" duration-ms="5" status="PASS">
          <reporter-output>
          </reporter-output>
        </test-method> <!-- tryCatchWrongIntCurrencyFrom -->
      </class> <!-- MainTest -->
    </test> <!-- Command line test -->
  </suite> <!-- MainTest -->
</testng-results>
